2026-02-02 10:27:15,339 [INFO] Loaded 7 keywords from keywords.txt
2026-02-02 10:27:15,482 [INFO] Keyword map loaded: 0 unique keywords in account cache
2026-02-02 10:27:15,483 [WARNING] Missing in account (not found by API): 7 e.g. ['인터넷비교사이트', '인터넷', '인터넷가입', '인터넷설치', '정수기', 'SK브로드밴드', '인터넷티비']
2026-02-02 10:27:15,483 [ERROR] No keyword IDs to check. Stop.
2026-02-02 10:28:50,664 [INFO] Loaded 7 keywords from keywords.txt
2026-02-02 10:28:50,664 [INFO] Keyword map loaded: 0 unique keywords in account cache
2026-02-02 10:28:50,664 [WARNING] Missing in account (not found by API): 7 e.g. ['인터넷비교사이트', '인터넷', '인터넷가입', '인터넷설치', '정수기', 'SK브로드밴드', '인터넷티비']
2026-02-02 10:28:50,664 [ERROR] No keyword IDs to check. Stop.
2026-02-02 10:29:02,904 [INFO] Loaded 7 keywords from keywords.txt
2026-02-02 10:29:02,962 [INFO] Keyword map loaded: 0 unique keywords in account cache
2026-02-02 10:29:02,962 [WARNING] Missing in account (not found by API): 7 e.g. ['인터넷비교사이트', '인터넷', '인터넷가입', '인터넷설치', '정수기', 'SK브로드밴드', '인터넷티비']
2026-02-02 10:29:02,962 [ERROR] No keyword IDs to check. Stop.
2026-02-02 10:29:40,720 [INFO] Loaded 7 keywords from keywords.txt
2026-02-02 10:29:40,870 [INFO] Keyword map loaded: 0 unique keywords in account cache
2026-02-02 10:29:40,870 [WARNING] Missing in account (not found by API): 7 e.g. ['인터넷비교사이트', '인터넷', '인터넷가입', '인터넷설치', '정수기', 'SK브로드밴드', '인터넷티비']
2026-02-02 10:29:40,870 [ERROR] No keyword IDs to check. Stop.
2026-02-02 11:46:59,158 [INFO] Loaded 7 keywords from keywords.txt
2026-02-02 11:49:12,742 [INFO] Loaded 7 keywords from keywords.txt
2026-02-02 11:51:22,888 [INFO] Keyword map loaded: 45027 unique keywords in account cache
2026-02-02 11:51:22,888 [INFO] Checking keyword IDs: 52
2026-02-02 12:02:02,797 [INFO] Loaded 7 keywords from keywords.txt
2026-02-02 12:03:27,699 [INFO] Keyword map loaded: 45027 unique keywords in account cache
2026-02-02 12:03:27,699 [INFO] Checking keyword IDs: 52
2026-02-02 12:17:39,498 [INFO] Loaded 7 keywords from keywords.txt
2026-02-02 12:19:30,867 [INFO] Keyword map loaded: 45027 unique keywords in account cache
2026-02-02 12:19:30,868 [INFO] Checking keyword IDs: 52
2026-02-02 12:23:59,833 [INFO] Loaded 7 keywords from keywords.txt
2026-02-02 12:25:53,423 [INFO] Keyword map loaded: 45027 unique keywords in account cache
2026-02-02 12:25:53,423 [INFO] Checking keyword IDs: 52
2026-02-02 12:29:40,220 [INFO] Loaded 7 keywords from keywords.txt
2026-02-02 12:31:34,452 [INFO] Keyword map loaded: 45027 unique keywords in account cache
2026-02-02 12:31:34,452 [INFO] Checking keyword IDs: 52
2026-02-02 12:31:34,898 [INFO] /stats rows received: 24
2026-02-02 12:31:34,900 [INFO] No alerts.
2026-02-02 12:34:07,583 [INFO] Loaded 1377 keywords from keywords.txt
2026-02-02 12:35:32,872 [INFO] Keyword map loaded: 45027 unique keywords in account cache
2026-02-02 12:35:32,874 [WARNING] Missing in account (not found by API): 27 e.g. ['kt요금제', 'skt요금제', 'skt', 'lg헬로비전', 'skt인터넷요금제', 'skt인터넷', 'sk인터넷요금제', 'u플러스', 'lgu+인터넷', 'skt신규개통']
2026-02-02 12:35:32,874 [INFO] Checking keyword IDs: 6022
2026-02-02 12:35:49,318 [INFO] /stats rows received: 2178
2026-02-02 12:35:49,349 [INFO] No alerts.
